#
# There is insufficient memory for the Java Runtime Environment to continue.
# Native memory allocation (mmap) failed to map 130023424 bytes for G1 virtual space
# Possible reasons:
#   The system is out of physical RAM or swap space
#   The process is running with CompressedOops enabled, and the Java Heap may be blocking the growth of the native heap
# Possible solutions:
#   Reduce memory load on the system
#   Increase physical memory or swap space
#   Check if swap backing store is full
#   Decrease Java heap size (-Xmx/-Xms)
#   Decrease number of Java threads
#   Decrease Java thread stack sizes (-Xss)
#   Set larger code cache with -XX:ReservedCodeCacheSize=
#   JVM is running with Unscaled Compressed Oops mode in which the Java heap is
#     placed in the first 4GB address space. The Java Heap base address is the
#     maximum limit for the native heap growth. Please use -XX:HeapBaseMinAddress
#     to set the Java Heap base and to place the Java Heap above 4GB virtual address.
# This output file may be truncated or incomplete.
#
#  Out of Memory Error (os_windows.cpp:3603), pid=21480, tid=31060
#
# JRE version:  (21.0.6+8) (build )
# Java VM: Java HotSpot(TM) 64-Bit Server VM (21.0.6+8-LTS-188, mixed mode, sharing, tiered, compressed oops, compressed class ptrs, g1 gc, windows-amd64)
# No core dump will be written. Minidumps are not enabled by default on client versions of Windows
#

---------------  S U M M A R Y ------------

Command Line: -Dclassworlds.conf=C:\Program Files\apache-maven-3.9.9\bin\m2.conf -Dmaven.home=C:\Program Files\apache-maven-3.9.9 -Dlibrary.jansi.path=C:\Program Files\apache-maven-3.9.9\lib\jansi-native -Dmaven.multiModuleProjectDirectory=D:\New folder (2)\ecommerce-backend org.codehaus.plexus.classworlds.launcher.Launcher clean install

Host: 11th Gen Intel(R) Core(TM) i5-1135G7 @ 2.40GHz, 8 cores, 7G,  Windows 11 , 64 bit Build 26100 (10.0.26100.3912)
Time: Thu Jun 19 21:05:53 2025 India Standard Time elapsed time: 1.211229 seconds (0d 0h 0m 1s)

---------------  T H R E A D  ---------------

Current thread (0x0000029211381f80):  JavaThread "Unknown thread" [_thread_in_vm, id=31060, stack(0x000000bfe2200000,0x000000bfe2300000) (1024K)]

Stack: [0x000000bfe2200000,0x000000bfe2300000]
Native frames: (J=compiled Java code, j=interpreted, Vv=VM code, C=native code)
V  [jvm.dll+0x6ca6d9]
V  [jvm.dll+0x854f51]
V  [jvm.dll+0x85747e]
V  [jvm.dll+0x857b53]
V  [jvm.dll+0x27dcc6]
V  [jvm.dll+0x6c6e55]
V  [jvm.dll+0x6bb9da]
V  [jvm.dll+0x35393a]
V  [jvm.dll+0x35b596]
V  [jvm.dll+0x3adefe]
V  [jvm.dll+0x3ae1a8]
V  [jvm.dll+0x327cbc]
V  [jvm.dll+0x32881b]
V  [jvm.dll+0x81e309]
V  [jvm.dll+0x3babe1]
V  [jvm.dll+0x807658]
V  [jvm.dll+0x44fdae]
V  [jvm.dll+0x4519a1]
C  [jli.dll+0x52a3]
C  [ucrtbase.dll+0x37b0]
C  [KERNEL32.DLL+0x2e8d7]
C  [ntdll.dll+0x9c5dc]


---------------  P R O C E S S  ---------------

Threads class SMR info:
_java_thread_list=0x00007ffa3c1fcc08, length=0, elements={
}

Java Threads: ( => current thread )
Total: 0

Other Threads:
  0x000002921161a810 WorkerThread "GC Thread#0"                     [id=32516, stack(0x000000bfe2300000,0x000000bfe2400000) (1024K)]
  0x000002921162ac00 ConcurrentGCThread "G1 Main Marker"            [id=31688, stack(0x000000bfe2400000,0x000000bfe2500000) (1024K)]
  0x000002921162d310 WorkerThread "G1 Conc#0"                       [id=7312, stack(0x000000bfe2500000,0x000000bfe2600000) (1024K)]

[error occurred during error reporting (printing all threads), id 0xc0000005, EXCEPTION_ACCESS_VIOLATION (0xc0000005) at pc=0x00007ffa3b96a427]
VM state: not at safepoint (not fully initialized)

VM Mutex/Monitor currently owned by a thread:  ([mutex/lock_event])
[0x00007ffa3c26df98] Heap_lock - owner thread: 0x0000029211381f80

Heap address: 0x0000000085800000, size: 1960 MB, Compressed Oops mode: 32-bit

CDS archive(s) mapped at: [0x0000000000000000-0x0000000000000000-0x0000000000000000), size 0, SharedBaseAddress: 0x0000000800000000, ArchiveRelocationMode: 1.
Narrow klass base: 0x0000000000000000, Narrow klass shift: 0, Narrow klass range: 0x0

GC Precious Log:
 CardTable entry size: 512
 Card Set container configuration: InlinePtr #cards 5 size 8 Array Of Cards #cards 12 size 40 Howl #buckets 4 coarsen threshold 1843 Howl Bitmap #cards 512 size 80 coarsen threshold 460 Card regions per heap region 1 cards per card region 2048

Heap:
 garbage-first heap   total 0K, used 0K [0x0000000085800000, 0x0000000100000000)
  region size 1024K, 0 young (0K), 0 survivors (0K)

[error occurred during error reporting (printing heap information), id 0xc0000005, EXCEPTION_ACCESS_VIOLATION (0xc0000005) at pc=0x00007ffa3bd536a9]
GC Heap History (0 events):
No events

Dll operation events (1 events):
Event: 0.059 Loaded shared library C:\Program Files\Java\jdk-21\bin\java.dll

Deoptimization events (0 events):
No events

Classes loaded (0 events):
No events

Classes unloaded (0 events):
No events

Classes redefined (0 events):
No events

Internal exceptions (0 events):
No events

ZGC Phase Switch (0 events):
No events

VM Operations (0 events):
No events

Events (0 events):
No events


Dynamic libraries:
0x00007ff6fee20000 - 0x00007ff6fee30000 	C:\Program Files\Java\jdk-21\bin\java.exe
0x00007ffad5cc0000 - 0x00007ffad5f26000 	C:\WINDOWS\SYSTEM32\ntdll.dll
0x00007ffad56f0000 - 0x00007ffad57b9000 	C:\WINDOWS\System32\KERNEL32.DLL
0x00007ffad2e50000 - 0x00007ffad321c000 	C:\WINDOWS\System32\KERNELBASE.dll
0x00007ffad3930000 - 0x00007ffad3a7b000 	C:\WINDOWS\System32\ucrtbase.dll
0x00007ffabc480000 - 0x00007ffabc49b000 	C:\Program Files\Java\jdk-21\bin\VCRUNTIME140.dll
0x00007ffabc460000 - 0x00007ffabc479000 	C:\Program Files\Java\jdk-21\bin\jli.dll
0x00007ffad5870000 - 0x00007ffad5922000 	C:\WINDOWS\System32\ADVAPI32.dll
0x00007ffad53d0000 - 0x00007ffad5479000 	C:\WINDOWS\System32\msvcrt.dll
0x00007ffad57c0000 - 0x00007ffad5866000 	C:\WINDOWS\System32\sechost.dll
0x00007ffad4ac0000 - 0x00007ffad4bd6000 	C:\WINDOWS\System32\RPCRT4.dll
0x00007ffad5ab0000 - 0x00007ffad5c7a000 	C:\WINDOWS\System32\USER32.dll
0x00007ffad34c0000 - 0x00007ffad34e7000 	C:\WINDOWS\System32\win32u.dll
0x00007ffad3ac0000 - 0x00007ffad3aeb000 	C:\WINDOWS\System32\GDI32.dll
0x00007ffab1fd0000 - 0x00007ffab226a000 	C:\WINDOWS\WinSxS\amd64_microsoft.windows.common-controls_6595b64144ccf1df_6.0.26100.3912_none_3e07963ce335137e\COMCTL32.dll
0x00007ffad32e0000 - 0x00007ffad3412000 	C:\WINDOWS\System32\gdi32full.dll
0x00007ffad3880000 - 0x00007ffad3923000 	C:\WINDOWS\System32\msvcp_win.dll
0x00007ffac86b0000 - 0x00007ffac86bb000 	C:\WINDOWS\SYSTEM32\VERSION.dll
0x00007ffad3a80000 - 0x00007ffad3ab0000 	C:\WINDOWS\System32\IMM32.DLL
0x00007ffabc890000 - 0x00007ffabc89c000 	C:\Program Files\Java\jdk-21\bin\vcruntime140_1.dll
0x00007ffa93f20000 - 0x00007ffa93fae000 	C:\Program Files\Java\jdk-21\bin\msvcp140.dll
0x00007ffa3b630000 - 0x00007ffa3c34a000 	C:\Program Files\Java\jdk-21\bin\server\jvm.dll
0x00007ffad5670000 - 0x00007ffad56e4000 	C:\WINDOWS\System32\WS2_32.dll
0x00007ffad2ca0000 - 0x00007ffad2cfe000 	C:\WINDOWS\SYSTEM32\POWRPROF.dll
0x00007ffac8790000 - 0x00007ffac87c6000 	C:\WINDOWS\SYSTEM32\WINMM.dll
0x00007ffad2c80000 - 0x00007ffad2c94000 	C:\WINDOWS\SYSTEM32\UMPDC.dll
0x00007ffad1c10000 - 0x00007ffad1c2a000 	C:\WINDOWS\SYSTEM32\kernel.appcore.dll
0x00007ffabc660000 - 0x00007ffabc66a000 	C:\Program Files\Java\jdk-21\bin\jimage.dll
0x00007ffad05b0000 - 0x00007ffad07f1000 	C:\WINDOWS\SYSTEM32\DBGHELP.DLL
0x00007ffad4530000 - 0x00007ffad48b4000 	C:\WINDOWS\System32\combase.dll
0x00007ffad59c0000 - 0x00007ffad5aa0000 	C:\WINDOWS\System32\OLEAUT32.dll
0x00007ffab1070000 - 0x00007ffab10a9000 	C:\WINDOWS\SYSTEM32\dbgcore.DLL
0x00007ffad3420000 - 0x00007ffad34b9000 	C:\WINDOWS\System32\bcryptPrimitives.dll
0x00007ffabbb40000 - 0x00007ffabbb5f000 	C:\Program Files\Java\jdk-21\bin\java.dll

dbghelp: loaded successfully - version: 4.0.5 - missing functions: none
symbol engine: initialized successfully - sym options: 0x614 - pdb path: .;C:\Program Files\Java\jdk-21\bin;C:\WINDOWS\SYSTEM32;C:\WINDOWS\WinSxS\amd64_microsoft.windows.common-controls_6595b64144ccf1df_6.0.26100.3912_none_3e07963ce335137e;C:\Program Files\Java\jdk-21\bin\server

VM Arguments:
jvm_args: -Dclassworlds.conf=C:\Program Files\apache-maven-3.9.9\bin\m2.conf -Dmaven.home=C:\Program Files\apache-maven-3.9.9 -Dlibrary.jansi.path=C:\Program Files\apache-maven-3.9.9\lib\jansi-native -Dmaven.multiModuleProjectDirectory=D:\New folder (2)\ecommerce-backend 
java_command: org.codehaus.plexus.classworlds.launcher.Launcher clean install
java_class_path (initial): C:\Program Files\apache-maven-3.9.9\boot\plexus-classworlds-2.8.0.jar
Launcher Type: SUN_STANDARD

[Global flags]
     intx CICompilerCount                          = 4                                         {product} {ergonomic}
     uint ConcGCThreads                            = 2                                         {product} {ergonomic}
     uint G1ConcRefinementThreads                  = 8                                         {product} {ergonomic}
   size_t G1HeapRegionSize                         = 1048576                                   {product} {ergonomic}
    uintx GCDrainStackTargetSize                   = 64                                        {product} {ergonomic}
   size_t InitialHeapSize                          = 130023424                                 {product} {ergonomic}
   size_t MarkStackSize                            = 4194304                                   {product} {ergonomic}
   size_t MaxHeapSize                              = 2055208960                                {product} {ergonomic}
   size_t MinHeapDeltaBytes                        = 1048576                                   {product} {ergonomic}
   size_t MinHeapSize                              = 8388608                                   {product} {ergonomic}
    uintx NonNMethodCodeHeapSize                   = 5839372                                {pd product} {ergonomic}
    uintx NonProfiledCodeHeapSize                  = 122909434                              {pd product} {ergonomic}
    uintx ProfiledCodeHeapSize                     = 122909434                              {pd product} {ergonomic}
    uintx ReservedCodeCacheSize                    = 251658240                              {pd product} {ergonomic}
     bool SegmentedCodeCache                       = true                                      {product} {ergonomic}
   size_t SoftMaxHeapSize                          = 2055208960                             {manageable} {ergonomic}
     bool UseCompressedOops                        = true                           {product lp64_product} {ergonomic}
     bool UseG1GC                                  = true                                      {product} {ergonomic}
     bool UseLargePagesIndividualAllocation        = false                                  {pd product} {ergonomic}

Logging:
Log output configuration:
 #0: stdout all=warning uptime,level,tags foldmultilines=false
 #1: stderr all=off uptime,level,tags foldmultilines=false

Environment Variables:
JAVA_HOME=C:\Program Files\Java\jdk-21
PATH=C:\Python313\Scripts\;C:\Python313\;C:\Program Files\Common Files\Oracle\Java\javapath;C:\WINDOWS\system32;C:\WINDOWS;C:\WINDOWS\System32\Wbem;C:\WINDOWS\System32\WindowsPowerShell\v1.0\;C:\WINDOWS\System32\OpenSSH\;C:\Program Files\HP\HP One Agent;C:\Program Files\nodejs\;C:\ProgramData\chocolatey\bin;C:\Program Files\MongoDB\mongosh-2.3.8-win32-x64\bin;C:\Program Files\Java\jdk-21\bin;C:\WINDOWS\system32;C:\WINDOWS;C:\WINDOWS\System32\Wbem;C:\WINDOWS\System32\WindowsPowerShell\v1.0\;C:\WINDOWS\System32\OpenSSH\;C:\Program Files\MySQL\MySQL Server 8.0\bin;C:\Program Files\MongoDB\Server\8.0\bin;C:\Tools\mongosh-2.4.2-win32-x64\mongosh-2.4.2-win32-x64\bin;C:\mysql-connector-j-9.2.0.jar;C:\Program Files\Java\jdk-21\bin;C:\Program Files\apache-maven-3.9.9\bin\bin;C:\Program Files\apache-maven-3.9.9\bin;C:\Program Files\PostgreSQL\16\bin;C:\Program Files\heroku\bin;C:\Users\Gowri\AppData\Local\Microsoft\WindowsApps;C:\Users\Gowri\AppData\Local\Programs\Microsoft VS Code\bin;C:\Users\Gowri\AppData\Roaming\npm;C:\Users\Gowri\AppData\Local\Programs\Git\cmd
USERNAME=Gowri
OS=Windows_NT
PROCESSOR_IDENTIFIER=Intel64 Family 6 Model 140 Stepping 1, GenuineIntel
TMP=C:\Users\Gowri\AppData\Local\Temp
TEMP=C:\Users\Gowri\AppData\Local\Temp




Periodic native trim disabled

---------------  S Y S T E M  ---------------

OS:
 Windows 11 , 64 bit Build 26100 (10.0.26100.3912)
OS uptime: 5 days 11:57 hours
Hyper-V role detected

CPU: total 8 (initial active 8) (4 cores per cpu, 2 threads per core) family 6 model 140 stepping 1 microcode 0xb4, cx8, cmov, fxsr, ht, mmx, 3dnowpref, sse, sse2, sse3, ssse3, sse4.1, sse4.2, popcnt, lzcnt, tsc, tscinvbit, avx, avx2, aes, erms, clmul, bmi1, bmi2, adx, avx512f, avx512dq, avx512cd, avx512bw, avx512vl, sha, fma, vzeroupper, avx512_vpopcntdq, avx512_vpclmulqdq, avx512_vaes, avx512_vnni, clflush, clflushopt, clwb, avx512_vbmi2, avx512_vbmi, hv, rdtscp, rdpid, fsrm, gfni, avx512_bitalg, f16c, cet_ibt, cet_ss, avx512_ifma
Processor Information for processor 0
  Max Mhz: 2401, Current Mhz: 1100, Mhz Limit: 2401
Processor Information for processor 1
  Max Mhz: 2401, Current Mhz: 2401, Mhz Limit: 2401
Processor Information for processor 2
  Max Mhz: 2401, Current Mhz: 2401, Mhz Limit: 2401
Processor Information for processor 3
  Max Mhz: 2401, Current Mhz: 1100, Mhz Limit: 2401
Processor Information for processor 4
  Max Mhz: 2401, Current Mhz: 2401, Mhz Limit: 2401
Processor Information for processor 5
  Max Mhz: 2401, Current Mhz: 2401, Mhz Limit: 2401
Processor Information for processor 6
  Max Mhz: 2401, Current Mhz: 2401, Mhz Limit: 2401
Processor Information for processor 7
  Max Mhz: 2401, Current Mhz: 1100, Mhz Limit: 2401

Memory: 4k page, system-wide physical 7835M (460M free)
TotalPageFile size 30721M (AvailPageFile size 44M)
current process WorkingSet (physical memory assigned to process): 11M, peak: 11M
current process commit charge ("private bytes"): 60M, peak: 184M

vm_info: Java HotSpot(TM) 64-Bit Server VM (21.0.6+8-LTS-188) for windows-amd64 JRE (21.0.6+8-LTS-188), built on 2024-12-03T10:50:54Z by "mach5one" with MS VC++ 17.6 (VS2022)

END.
